Build started 28/05/2019 13:32:12.
     1>Project "C:\Users\user\Documents\Visual Studio 2010\Projects\divij\divij\divij.vcxproj" on node 2 (build target(s)).
     1>InitializeBuildStatus:
         Creating "Debug\divij.unsuccessfulbuild" because "AlwaysCreate" was specified.
       ClCompile:
         e:\vss10\VC\bin\CL.exe /c /ZI /nologo /W3 /WX- /Od /Oy- /D WIN32 /D _DEBUG /D _CONSOLE /D _UNICODE /D UNICODE /Gm /EHsc /RTC1 /MDd /GS /fp:precise /Zc:wchar_t /Zc:forScope /Fo"Debug\\" /Fd"Debug\vc100.pdb" /Gd /TP /analyze- /errorReport:prompt divij.cpp
         divij.cpp
     1>c:\users\user\documents\visual studio 2010\projects\divij\divij\divij.cpp(40): warning C4996: 'vsprintf': This function or variable may be unsafe. Consider using vsprintf_s instead. To disable deprecation, use _CRT_SECURE_NO_WARNINGS. See online help for details.
                 e:\vss10\vc\include\stdio.h(371) : see declaration of 'vsprintf'
       ManifestResourceCompile:
         All outputs are up-to-date.
       Link:
         e:\vss10\VC\bin\link.exe /ERRORREPORT:PROMPT /OUT:"C:\Users\user\Documents\Visual Studio 2010\Projects\divij\Debug\divij.exe" /INCREMENTAL /NOLOGO kernel32.lib user32.lib gdi32.lib winspool.lib comdlg32.lib advapi32.lib shell32.lib ole32.lib oleaut32.lib uuid.lib odbc32.lib odbccp32.lib /MANIFEST /ManifestFile:"Debug\divij.exe.intermediate.manifest" /MANIFESTUAC:"level='asInvoker' uiAccess='false'" /DEBUG /PDB:"C:\Users\user\Documents\Visual Studio 2010\Projects\divij\Debug\divij.pdb" /SUBSYSTEM:CONSOLE /TLBID:1 /DYNAMICBASE /NXCOMPAT /IMPLIB:"C:\Users\user\Documents\Visual Studio 2010\Projects\divij\Debug\divij.lib" /MACHINE:X86 Debug\divij.exe.embed.manifest.res
         Debug\divij.obj
       Manifest:
         C:\Program Files (x86)\Microsoft SDKs\Windows\v7.0A\bin\mt.exe /nologo /verbose /out:"Debug\divij.exe.embed.manifest" /manifest Debug\divij.exe.intermediate.manifest
         All outputs are up-to-date.
       LinkEmbedManifest:
         All outputs are up-to-date.
         divij.vcxproj -> C:\Users\user\Documents\Visual Studio 2010\Projects\divij\Debug\divij.exe
       FinalizeBuildStatus:
         Deleting file "Debug\divij.unsuccessfulbuild".
         Touching "Debug\divij.lastbuildstate".
     1>Done Building Project "C:\Users\user\Documents\Visual Studio 2010\Projects\divij\divij\divij.vcxproj" (build target(s)).

Build succeeded.

Time Elapsed 00:00:00.69
